0 info it worked if it ends with ok
1 verbose cli [ '/usr/local/Cellar/node/7.7.2/bin/node',
1 verbose cli   '/usr/local/bin/npm',
1 verbose cli   'install' ]
2 info using npm@4.1.2
3 info using node@v7.7.2
4 silly loadCurrentTree Starting
5 silly install loadCurrentTree
6 silly install readLocalPackageData
7 silly install normalizeTree
8 silly loadCurrentTree Finishing
9 silly loadIdealTree Starting
10 silly install loadIdealTree
11 silly cloneCurrentTree Starting
12 silly install cloneCurrentTreeToIdealTree
13 silly cloneCurrentTree Finishing
14 silly loadShrinkwrap Starting
15 silly install loadShrinkwrap
16 silly loadShrinkwrap Finishing
17 silly loadAllDepsIntoIdealTree Starting
18 silly install loadAllDepsIntoIdealTree
19 silly fetchNamedPackageData react-router
20 silly mapToRegistry name react-router
21 silly mapToRegistry using default registry
22 silly mapToRegistry registry https://registry.npmjs.org/
23 silly mapToRegistry data Result {
23 silly mapToRegistry   raw: 'react-router',
23 silly mapToRegistry   scope: null,
23 silly mapToRegistry   escapedName: 'react-router',
23 silly mapToRegistry   name: 'react-router',
23 silly mapToRegistry   rawSpec: '',
23 silly mapToRegistry   spec: 'latest',
23 silly mapToRegistry   type: 'tag' }
24 silly mapToRegistry uri https://registry.npmjs.org/react-router
25 verbose get https://registry.npmjs.org/react-router not expired, no request
26 silly pickManifestFromRegistryMetadata spec >=3.1.1 <4.0.0 tag latest versions [ '0.0.0',
26 silly pickManifestFromRegistryMetadata   '0.0.1',
26 silly pickManifestFromRegistryMetadata   '0.4.0',
26 silly pickManifestFromRegistryMetadata   '0.4.1',
26 silly pickManifestFromRegistryMetadata   '0.4.2',
26 silly pickManifestFromRegistryMetadata   '0.5.0',
26 silly pickManifestFromRegistryMetadata   '0.5.1',
26 silly pickManifestFromRegistryMetadata   '0.5.2',
26 silly pickManifestFromRegistryMetadata   '0.5.3',
26 silly pickManifestFromRegistryMetadata   '0.6.0',
26 silly pickManifestFromRegistryMetadata   '0.6.1',
26 silly pickManifestFromRegistryMetadata   '0.7.0',
26 silly pickManifestFromRegistryMetadata   '0.8.0',
26 silly pickManifestFromRegistryMetadata   '0.9.0',
26 silly pickManifestFromRegistryMetadata   '0.9.1',
26 silly pickManifestFromRegistryMetadata   '0.9.2',
26 silly pickManifestFromRegistryMetadata   '0.9.3',
26 silly pickManifestFromRegistryMetadata   '0.9.4',
26 silly pickManifestFromRegistryMetadata   '0.9.5',
26 silly pickManifestFromRegistryMetadata   '0.10.0',
26 silly pickManifestFromRegistryMetadata   '0.10.1',
26 silly pickManifestFromRegistryMetadata   '0.10.2',
26 silly pickManifestFromRegistryMetadata   '0.11.0',
26 silly pickManifestFromRegistryMetadata   '0.11.1',
26 silly pickManifestFromRegistryMetadata   '0.11.2',
26 silly pickManifestFromRegistryMetadata   '0.11.3',
26 silly pickManifestFromRegistryMetadata   '0.11.4',
26 silly pickManifestFromRegistryMetadata   '0.11.5',
26 silly pickManifestFromRegistryMetadata   '0.11.6',
26 silly pickManifestFromRegistryMetadata   '0.12.0',
26 silly pickManifestFromRegistryMetadata   '0.12.1',
26 silly pickManifestFromRegistryMetadata   '0.12.2',
26 silly pickManifestFromRegistryMetadata   '0.12.3',
26 silly pickManifestFromRegistryMetadata   '0.12.4',
26 silly pickManifestFromRegistryMetadata   '0.13.0',
26 silly pickManifestFromRegistryMetadata   '0.13.1',
26 silly pickManifestFromRegistryMetadata   '0.13.2',
26 silly pickManifestFromRegistryMetadata   '0.13.3',
26 silly pickManifestFromRegistryMetadata   '1.0.0-alpha1',
26 silly pickManifestFromRegistryMetadata   '1.0.0-alpha2',
26 silly pickManifestFromRegistryMetadata   '1.0.0-beta1',
26 silly pickManifestFromRegistryMetadata   '1.0.0-beta2',
26 silly pickManifestFromRegistryMetadata   '1.0.0-beta3',
26 silly pickManifestFromRegistryMetadata   '1.0.0-beta4',
26 silly pickManifestFromRegistryMetadata   '1.0.0-rc1',
26 silly pickManifestFromRegistryMetadata   '0.13.4',
26 silly pickManifestFromRegistryMetadata   '1.0.0-rc2',
26 silly pickManifestFromRegistryMetadata   '1.0.0-rc3',
26 silly pickManifestFromRegistryMetadata   '0.13.5',
26 silly pickManifestFromRegistryMetadata   '1.0.0-rc4',
26 silly pickManifestFromRegistryMetadata   '1.0.0',
26 silly pickManifestFromRegistryMetadata   '1.0.1',
26 silly pickManifestFromRegistryMetadata   '1.0.2',
26 silly pickManifestFromRegistryMetadata   '1.0.3',
26 silly pickManifestFromRegistryMetadata   '2.0.0-rc1',
26 silly pickManifestFromRegistryMetadata   '2.0.0-rc2',
26 silly pickManifestFromRegistryMetadata   '2.0.0-rc3',
26 silly pickManifestFromRegistryMetadata   '2.0.0-rc4',
26 silly pickManifestFromRegistryMetadata   '2.0.0-rc5',
26 silly pickManifestFromRegistryMetadata   '2.0.0-rc6',
26 silly pickManifestFromRegistryMetadata   '2.0.0',
26 silly pickManifestFromRegistryMetadata   '2.0.1',
26 silly pickManifestFromRegistryMetadata   '2.1.0',
26 silly pickManifestFromRegistryMetadata   '2.1.1',
26 silly pickManifestFromRegistryMetadata   '2.2.0',
26 silly pickManifestFromRegistryMetadata   '2.2.1',
26 silly pickManifestFromRegistryMetadata   '2.2.2',
26 silly pickManifestFromRegistryMetadata   '2.2.4',
26 silly pickManifestFromRegistryMetadata   '2.3.0',
26 silly pickManifestFromRegistryMetadata   '2.4.0',
26 silly pickManifestFromRegistryMetadata   '2.4.1',
26 silly pickManifestFromRegistryMetadata   '3.0.0-alpha.1',
26 silly pickManifestFromRegistryMetadata   '2.5.0',
26 silly pickManifestFromRegistryMetadata   '2.5.1',
26 silly pickManifestFromRegistryMetadata   '2.5.2',
26 silly pickManifestFromRegistryMetadata   '0.13.6',
26 silly pickManifestFromRegistryMetadata   '2.6.0',
26 silly pickManifestFromRegistryMetadata   '3.0.0-alpha.2',
26 silly pickManifestFromRegistryMetadata   '2.6.1',
26 silly pickManifestFromRegistryMetadata   '3.0.0-alpha.3',
26 silly pickManifestFromRegistryMetadata   '2.7.0',
26 silly pickManifestFromRegistryMetadata   '2.8.0',
26 silly pickManifestFromRegistryMetadata   '4.0.0-0',
26 silly pickManifestFromRegistryMetadata   '4.0.0-1',
26 silly pickManifestFromRegistryMetadata   '4.0.0-2',
26 silly pickManifestFromRegistryMetadata   '2.8.1',
26 silly pickManifestFromRegistryMetadata   '3.0.0-beta.1',
26 silly pickManifestFromRegistryMetadata   '4.0.0-alpha.3',
26 silly pickManifestFromRegistryMetadata   '4.0.0-alpha.4',
26 silly pickManifestFromRegistryMetadata   '4.0.0-alpha.5',
26 silly pickManifestFromRegistryMetadata   '3.0.0',
26 silly pickManifestFromRegistryMetadata   '4.0.0-alpha.6',
26 silly pickManifestFromRegistryMetadata   '3.0.1',
26 silly pickManifestFromRegistryMetadata   '3.0.2',
26 silly pickManifestFromRegistryMetadata   '4.0.0-beta.1',
26 silly pickManifestFromRegistryMetadata   '4.0.0-beta.2',
26 silly pickManifestFromRegistryMetadata   '4.0.0-beta.3',
26 silly pickManifestFromRegistryMetadata   '4.0.0-beta.4',
26 silly pickManifestFromRegistryMetadata   '4.0.0-beta.5',
26 silly pickManifestFromRegistryMetadata   '4.0.0-beta.6',
26 silly pickManifestFromRegistryMetadata   ... 8 more items ]
27 silly fetchNamedPackageData No valid target from cache, forcing network
28 verbose request uri https://registry.npmjs.org/react-router
29 verbose request no auth needed
30 info attempt registry request try #1 at 12:52:03 AM
31 verbose request using bearer token for auth
32 verbose request id c591099c35a1a77d
33 http request GET https://registry.npmjs.org/react-router
34 http 200 https://registry.npmjs.org/react-router
35 verbose headers { server: 'nginx/1.10.1',
35 verbose headers   'content-type': 'application/json',
35 verbose headers   'last-modified': 'Tue, 09 May 2017 09:44:35 GMT',
35 verbose headers   etag: 'W/"59118f83-403dc"',
35 verbose headers   'content-encoding': 'gzip',
35 verbose headers   'cache-control': 'max-age=300',
35 verbose headers   'transfer-encoding': 'chunked',
35 verbose headers   'accept-ranges': 'bytes',
35 verbose headers   date: 'Fri, 12 May 2017 04:52:03 GMT',
35 verbose headers   via: '1.1 varnish',
35 verbose headers   connection: 'keep-alive',
35 verbose headers   'x-served-by': 'cache-atl6222-ATL',
35 verbose headers   'x-cache': 'MISS',
35 verbose headers   'x-cache-hits': '0',
35 verbose headers   'x-timer': 'S1494564724.545064,VS0,VE237',
35 verbose headers   vary: 'Accept-Encoding' }
36 silly get cb [ 200,
36 silly get   { server: 'nginx/1.10.1',
36 silly get     'content-type': 'application/json',
36 silly get     'last-modified': 'Tue, 09 May 2017 09:44:35 GMT',
36 silly get     etag: 'W/"59118f83-403dc"',
36 silly get     'content-encoding': 'gzip',
36 silly get     'cache-control': 'max-age=300',
36 silly get     'transfer-encoding': 'chunked',
36 silly get     'accept-ranges': 'bytes',
36 silly get     date: 'Fri, 12 May 2017 04:52:03 GMT',
36 silly get     via: '1.1 varnish',
36 silly get     connection: 'keep-alive',
36 silly get     'x-served-by': 'cache-atl6222-ATL',
36 silly get     'x-cache': 'MISS',
36 silly get     'x-cache-hits': '0',
36 silly get     'x-timer': 'S1494564724.545064,VS0,VE237',
36 silly get     vary: 'Accept-Encoding' } ]
37 verbose get saving react-router to /Users/forrestguilloud/.npm/registry.npmjs.org/react-router/.cache.json
38 verbose correctMkdir /Users/forrestguilloud/.npm correctMkdir not in flight; initializing
39 silly pickManifestFromRegistryMetadata spec >=3.1.1 <4.0.0 tag latest versions [ '0.0.0',
39 silly pickManifestFromRegistryMetadata   '0.0.1',
39 silly pickManifestFromRegistryMetadata   '0.4.0',
39 silly pickManifestFromRegistryMetadata   '0.4.1',
39 silly pickManifestFromRegistryMetadata   '0.4.2',
39 silly pickManifestFromRegistryMetadata   '0.5.0',
39 silly pickManifestFromRegistryMetadata   '0.5.1',
39 silly pickManifestFromRegistryMetadata   '0.5.2',
39 silly pickManifestFromRegistryMetadata   '0.5.3',
39 silly pickManifestFromRegistryMetadata   '0.6.0',
39 silly pickManifestFromRegistryMetadata   '0.6.1',
39 silly pickManifestFromRegistryMetadata   '0.7.0',
39 silly pickManifestFromRegistryMetadata   '0.8.0',
39 silly pickManifestFromRegistryMetadata   '0.9.0',
39 silly pickManifestFromRegistryMetadata   '0.9.1',
39 silly pickManifestFromRegistryMetadata   '0.9.2',
39 silly pickManifestFromRegistryMetadata   '0.9.3',
39 silly pickManifestFromRegistryMetadata   '0.9.4',
39 silly pickManifestFromRegistryMetadata   '0.9.5',
39 silly pickManifestFromRegistryMetadata   '0.10.0',
39 silly pickManifestFromRegistryMetadata   '0.10.1',
39 silly pickManifestFromRegistryMetadata   '0.10.2',
39 silly pickManifestFromRegistryMetadata   '0.11.0',
39 silly pickManifestFromRegistryMetadata   '0.11.1',
39 silly pickManifestFromRegistryMetadata   '0.11.2',
39 silly pickManifestFromRegistryMetadata   '0.11.3',
39 silly pickManifestFromRegistryMetadata   '0.11.4',
39 silly pickManifestFromRegistryMetadata   '0.11.5',
39 silly pickManifestFromRegistryMetadata   '0.11.6',
39 silly pickManifestFromRegistryMetadata   '0.12.0',
39 silly pickManifestFromRegistryMetadata   '0.12.1',
39 silly pickManifestFromRegistryMetadata   '0.12.2',
39 silly pickManifestFromRegistryMetadata   '0.12.3',
39 silly pickManifestFromRegistryMetadata   '0.12.4',
39 silly pickManifestFromRegistryMetadata   '0.13.0',
39 silly pickManifestFromRegistryMetadata   '0.13.1',
39 silly pickManifestFromRegistryMetadata   '0.13.2',
39 silly pickManifestFromRegistryMetadata   '0.13.3',
39 silly pickManifestFromRegistryMetadata   '1.0.0-alpha1',
39 silly pickManifestFromRegistryMetadata   '1.0.0-alpha2',
39 silly pickManifestFromRegistryMetadata   '1.0.0-beta1',
39 silly pickManifestFromRegistryMetadata   '1.0.0-beta2',
39 silly pickManifestFromRegistryMetadata   '1.0.0-beta3',
39 silly pickManifestFromRegistryMetadata   '1.0.0-beta4',
39 silly pickManifestFromRegistryMetadata   '1.0.0-rc1',
39 silly pickManifestFromRegistryMetadata   '0.13.4',
39 silly pickManifestFromRegistryMetadata   '1.0.0-rc2',
39 silly pickManifestFromRegistryMetadata   '1.0.0-rc3',
39 silly pickManifestFromRegistryMetadata   '0.13.5',
39 silly pickManifestFromRegistryMetadata   '1.0.0-rc4',
39 silly pickManifestFromRegistryMetadata   '1.0.0',
39 silly pickManifestFromRegistryMetadata   '1.0.1',
39 silly pickManifestFromRegistryMetadata   '1.0.2',
39 silly pickManifestFromRegistryMetadata   '1.0.3',
39 silly pickManifestFromRegistryMetadata   '2.0.0-rc1',
39 silly pickManifestFromRegistryMetadata   '2.0.0-rc2',
39 silly pickManifestFromRegistryMetadata   '2.0.0-rc3',
39 silly pickManifestFromRegistryMetadata   '2.0.0-rc4',
39 silly pickManifestFromRegistryMetadata   '2.0.0-rc5',
39 silly pickManifestFromRegistryMetadata   '2.0.0-rc6',
39 silly pickManifestFromRegistryMetadata   '2.0.0',
39 silly pickManifestFromRegistryMetadata   '2.0.1',
39 silly pickManifestFromRegistryMetadata   '2.1.0',
39 silly pickManifestFromRegistryMetadata   '2.1.1',
39 silly pickManifestFromRegistryMetadata   '2.2.0',
39 silly pickManifestFromRegistryMetadata   '2.2.1',
39 silly pickManifestFromRegistryMetadata   '2.2.2',
39 silly pickManifestFromRegistryMetadata   '2.2.4',
39 silly pickManifestFromRegistryMetadata   '2.3.0',
39 silly pickManifestFromRegistryMetadata   '2.4.0',
39 silly pickManifestFromRegistryMetadata   '2.4.1',
39 silly pickManifestFromRegistryMetadata   '3.0.0-alpha.1',
39 silly pickManifestFromRegistryMetadata   '2.5.0',
39 silly pickManifestFromRegistryMetadata   '2.5.1',
39 silly pickManifestFromRegistryMetadata   '2.5.2',
39 silly pickManifestFromRegistryMetadata   '0.13.6',
39 silly pickManifestFromRegistryMetadata   '2.6.0',
39 silly pickManifestFromRegistryMetadata   '3.0.0-alpha.2',
39 silly pickManifestFromRegistryMetadata   '2.6.1',
39 silly pickManifestFromRegistryMetadata   '3.0.0-alpha.3',
39 silly pickManifestFromRegistryMetadata   '2.7.0',
39 silly pickManifestFromRegistryMetadata   '2.8.0',
39 silly pickManifestFromRegistryMetadata   '4.0.0-0',
39 silly pickManifestFromRegistryMetadata   '4.0.0-1',
39 silly pickManifestFromRegistryMetadata   '4.0.0-2',
39 silly pickManifestFromRegistryMetadata   '2.8.1',
39 silly pickManifestFromRegistryMetadata   '3.0.0-beta.1',
39 silly pickManifestFromRegistryMetadata   '4.0.0-alpha.3',
39 silly pickManifestFromRegistryMetadata   '4.0.0-alpha.4',
39 silly pickManifestFromRegistryMetadata   '4.0.0-alpha.5',
39 silly pickManifestFromRegistryMetadata   '3.0.0',
39 silly pickManifestFromRegistryMetadata   '4.0.0-alpha.6',
39 silly pickManifestFromRegistryMetadata   '3.0.1',
39 silly pickManifestFromRegistryMetadata   '3.0.2',
39 silly pickManifestFromRegistryMetadata   '4.0.0-beta.1',
39 silly pickManifestFromRegistryMetadata   '4.0.0-beta.2',
39 silly pickManifestFromRegistryMetadata   '4.0.0-beta.3',
39 silly pickManifestFromRegistryMetadata   '4.0.0-beta.4',
39 silly pickManifestFromRegistryMetadata   '4.0.0-beta.5',
39 silly pickManifestFromRegistryMetadata   '4.0.0-beta.6',
39 silly pickManifestFromRegistryMetadata   ... 8 more items ]
40 silly fetchPackageMetaData Error: No compatible version found: react-router@^3.1.1
40 silly fetchPackageMetaData Valid install targets:
40 silly fetchPackageMetaData 0.0.0, 0.0.1, 0.4.0, 0.4.1, 0.4.2, 0.5.0, 0.5.1, 0.5.2, 0.5.3, 0.6.0, 0.6.1, 0.7.0, 0.8.0, 0.9.0, 0.9.1, 0.9.2, 0.9.3, 0.9.4, 0.9.5, 0.10.0, 0.10.1, 0.10.2, 0.11.0, 0.11.1, 0.11.2, 0.11.3, 0.11.4, 0.11.5, 0.11.6, 0.12.0, 0.12.1, 0.12.2, 0.12.3, 0.12.4, 0.13.0, 0.13.1, 0.13.2, 0.13.3, 1.0.0-alpha1, 1.0.0-alpha2, 1.0.0-beta1, 1.0.0-beta2, 1.0.0-beta3, 1.0.0-beta4, 1.0.0-rc1, 0.13.4, 1.0.0-rc2, 1.0.0-rc3, 0.13.5, 1.0.0-rc4, 1.0.0, 1.0.1, 1.0.2, 1.0.3, 2.0.0-rc1, 2.0.0-rc2, 2.0.0-rc3, 2.0.0-rc4, 2.0.0-rc5, 2.0.0-rc6, 2.0.0, 2.0.1, 2.1.0, 2.1.1, 2.2.0, 2.2.1, 2.2.2, 2.2.4, 2.3.0, 2.4.0, 2.4.1, 3.0.0-alpha.1, 2.5.0, 2.5.1, 2.5.2, 0.13.6, 2.6.0, 3.0.0-alpha.2, 2.6.1, 3.0.0-alpha.3, 2.7.0, 2.8.0, 4.0.0-0, 4.0.0-1, 4.0.0-2, 2.8.1, 3.0.0-beta.1, 4.0.0-alpha.3, 4.0.0-alpha.4, 4.0.0-alpha.5, 3.0.0, 4.0.0-alpha.6, 3.0.1, 3.0.2, 4.0.0-beta.1, 4.0.0-beta.2, 4.0.0-beta.3, 4.0.0-beta.4, 4.0.0-beta.5, 4.0.0-beta.6, 4.0.0-beta.7, 4.0.0-beta.8, 4.0.0, 3.0.3, 3.0.4, 3.0.5, 4.1.0, 4.1.1
40 silly fetchPackageMetaData
40 silly fetchPackageMetaData     at pickVersionFromRegistryDocument (/usr/local/lib/node_modules/npm/lib/fetch-package-metadata.js:158:16)
40 silly fetchPackageMetaData     at /usr/local/lib/node_modules/npm/node_modules/iferr/index.js:13:50
40 silly fetchPackageMetaData     at /usr/local/lib/node_modules/npm/lib/utils/pulse-till-done.js:20:8
40 silly fetchPackageMetaData     at saved (/usr/local/lib/node_modules/npm/lib/cache/caching-client.js:174:7)
40 silly fetchPackageMetaData     at /usr/local/lib/node_modules/npm/node_modules/graceful-fs/polyfills.js:261:18
40 silly fetchPackageMetaData     at FSReqWrap.oncomplete (fs.js:114:15)
40 silly fetchPackageMetaData  error for react-router@^3.1.1 { Error: No compatible version found: react-router@^3.1.1
40 silly fetchPackageMetaData Valid install targets:
40 silly fetchPackageMetaData 0.0.0, 0.0.1, 0.4.0, 0.4.1, 0.4.2, 0.5.0, 0.5.1, 0.5.2, 0.5.3, 0.6.0, 0.6.1, 0.7.0, 0.8.0, 0.9.0, 0.9.1, 0.9.2, 0.9.3, 0.9.4, 0.9.5, 0.10.0, 0.10.1, 0.10.2, 0.11.0, 0.11.1, 0.11.2, 0.11.3, 0.11.4, 0.11.5, 0.11.6, 0.12.0, 0.12.1, 0.12.2, 0.12.3, 0.12.4, 0.13.0, 0.13.1, 0.13.2, 0.13.3, 1.0.0-alpha1, 1.0.0-alpha2, 1.0.0-beta1, 1.0.0-beta2, 1.0.0-beta3, 1.0.0-beta4, 1.0.0-rc1, 0.13.4, 1.0.0-rc2, 1.0.0-rc3, 0.13.5, 1.0.0-rc4, 1.0.0, 1.0.1, 1.0.2, 1.0.3, 2.0.0-rc1, 2.0.0-rc2, 2.0.0-rc3, 2.0.0-rc4, 2.0.0-rc5, 2.0.0-rc6, 2.0.0, 2.0.1, 2.1.0, 2.1.1, 2.2.0, 2.2.1, 2.2.2, 2.2.4, 2.3.0, 2.4.0, 2.4.1, 3.0.0-alpha.1, 2.5.0, 2.5.1, 2.5.2, 0.13.6, 2.6.0, 3.0.0-alpha.2, 2.6.1, 3.0.0-alpha.3, 2.7.0, 2.8.0, 4.0.0-0, 4.0.0-1, 4.0.0-2, 2.8.1, 3.0.0-beta.1, 4.0.0-alpha.3, 4.0.0-alpha.4, 4.0.0-alpha.5, 3.0.0, 4.0.0-alpha.6, 3.0.1, 3.0.2, 4.0.0-beta.1, 4.0.0-beta.2, 4.0.0-beta.3, 4.0.0-beta.4, 4.0.0-beta.5, 4.0.0-beta.6, 4.0.0-beta.7, 4.0.0-beta.8, 4.0.0, 3.0.3, 3.0.4, 3.0.5, 4.1.0, 4.1.1
40 silly fetchPackageMetaData
40 silly fetchPackageMetaData     at pickVersionFromRegistryDocument (/usr/local/lib/node_modules/npm/lib/fetch-package-metadata.js:158:16)
40 silly fetchPackageMetaData     at /usr/local/lib/node_modules/npm/node_modules/iferr/index.js:13:50
40 silly fetchPackageMetaData     at /usr/local/lib/node_modules/npm/lib/utils/pulse-till-done.js:20:8
40 silly fetchPackageMetaData     at saved (/usr/local/lib/node_modules/npm/lib/cache/caching-client.js:174:7)
40 silly fetchPackageMetaData     at /usr/local/lib/node_modules/npm/node_modules/graceful-fs/polyfills.js:261:18
40 silly fetchPackageMetaData     at FSReqWrap.oncomplete (fs.js:114:15) code: 'ETARGET' }
41 silly rollbackFailedOptional Starting
42 silly rollbackFailedOptional Finishing
43 silly runTopLevelLifecycles Finishing
44 silly install printInstalled
45 verbose stack Error: No compatible version found: react-router@^3.1.1
45 verbose stack Valid install targets:
45 verbose stack 0.0.0, 0.0.1, 0.4.0, 0.4.1, 0.4.2, 0.5.0, 0.5.1, 0.5.2, 0.5.3, 0.6.0, 0.6.1, 0.7.0, 0.8.0, 0.9.0, 0.9.1, 0.9.2, 0.9.3, 0.9.4, 0.9.5, 0.10.0, 0.10.1, 0.10.2, 0.11.0, 0.11.1, 0.11.2, 0.11.3, 0.11.4, 0.11.5, 0.11.6, 0.12.0, 0.12.1, 0.12.2, 0.12.3, 0.12.4, 0.13.0, 0.13.1, 0.13.2, 0.13.3, 1.0.0-alpha1, 1.0.0-alpha2, 1.0.0-beta1, 1.0.0-beta2, 1.0.0-beta3, 1.0.0-beta4, 1.0.0-rc1, 0.13.4, 1.0.0-rc2, 1.0.0-rc3, 0.13.5, 1.0.0-rc4, 1.0.0, 1.0.1, 1.0.2, 1.0.3, 2.0.0-rc1, 2.0.0-rc2, 2.0.0-rc3, 2.0.0-rc4, 2.0.0-rc5, 2.0.0-rc6, 2.0.0, 2.0.1, 2.1.0, 2.1.1, 2.2.0, 2.2.1, 2.2.2, 2.2.4, 2.3.0, 2.4.0, 2.4.1, 3.0.0-alpha.1, 2.5.0, 2.5.1, 2.5.2, 0.13.6, 2.6.0, 3.0.0-alpha.2, 2.6.1, 3.0.0-alpha.3, 2.7.0, 2.8.0, 4.0.0-0, 4.0.0-1, 4.0.0-2, 2.8.1, 3.0.0-beta.1, 4.0.0-alpha.3, 4.0.0-alpha.4, 4.0.0-alpha.5, 3.0.0, 4.0.0-alpha.6, 3.0.1, 3.0.2, 4.0.0-beta.1, 4.0.0-beta.2, 4.0.0-beta.3, 4.0.0-beta.4, 4.0.0-beta.5, 4.0.0-beta.6, 4.0.0-beta.7, 4.0.0-beta.8, 4.0.0, 3.0.3, 3.0.4, 3.0.5, 4.1.0, 4.1.1
45 verbose stack
45 verbose stack     at pickVersionFromRegistryDocument (/usr/local/lib/node_modules/npm/lib/fetch-package-metadata.js:158:16)
45 verbose stack     at /usr/local/lib/node_modules/npm/node_modules/iferr/index.js:13:50
45 verbose stack     at /usr/local/lib/node_modules/npm/lib/utils/pulse-till-done.js:20:8
45 verbose stack     at saved (/usr/local/lib/node_modules/npm/lib/cache/caching-client.js:174:7)
45 verbose stack     at /usr/local/lib/node_modules/npm/node_modules/graceful-fs/polyfills.js:261:18
45 verbose stack     at FSReqWrap.oncomplete (fs.js:114:15)
46 verbose cwd /Users/forrestguilloud/Desktop/blakeG/shiny-weapons
47 error Darwin 15.6.0
48 error argv "/usr/local/Cellar/node/7.7.2/bin/node" "/usr/local/bin/npm" "install"
49 error node v7.7.2
50 error npm  v4.1.2
51 error code ETARGET
52 error notarget No compatible version found: react-router@^3.1.1
52 error notarget Valid install targets:
52 error notarget 0.0.0, 0.0.1, 0.4.0, 0.4.1, 0.4.2, 0.5.0, 0.5.1, 0.5.2, 0.5.3, 0.6.0, 0.6.1, 0.7.0, 0.8.0, 0.9.0, 0.9.1, 0.9.2, 0.9.3, 0.9.4, 0.9.5, 0.10.0, 0.10.1, 0.10.2, 0.11.0, 0.11.1, 0.11.2, 0.11.3, 0.11.4, 0.11.5, 0.11.6, 0.12.0, 0.12.1, 0.12.2, 0.12.3, 0.12.4, 0.13.0, 0.13.1, 0.13.2, 0.13.3, 1.0.0-alpha1, 1.0.0-alpha2, 1.0.0-beta1, 1.0.0-beta2, 1.0.0-beta3, 1.0.0-beta4, 1.0.0-rc1, 0.13.4, 1.0.0-rc2, 1.0.0-rc3, 0.13.5, 1.0.0-rc4, 1.0.0, 1.0.1, 1.0.2, 1.0.3, 2.0.0-rc1, 2.0.0-rc2, 2.0.0-rc3, 2.0.0-rc4, 2.0.0-rc5, 2.0.0-rc6, 2.0.0, 2.0.1, 2.1.0, 2.1.1, 2.2.0, 2.2.1, 2.2.2, 2.2.4, 2.3.0, 2.4.0, 2.4.1, 3.0.0-alpha.1, 2.5.0, 2.5.1, 2.5.2, 0.13.6, 2.6.0, 3.0.0-alpha.2, 2.6.1, 3.0.0-alpha.3, 2.7.0, 2.8.0, 4.0.0-0, 4.0.0-1, 4.0.0-2, 2.8.1, 3.0.0-beta.1, 4.0.0-alpha.3, 4.0.0-alpha.4, 4.0.0-alpha.5, 3.0.0, 4.0.0-alpha.6, 3.0.1, 3.0.2, 4.0.0-beta.1, 4.0.0-beta.2, 4.0.0-beta.3, 4.0.0-beta.4, 4.0.0-beta.5, 4.0.0-beta.6, 4.0.0-beta.7, 4.0.0-beta.8, 4.0.0, 3.0.3, 3.0.4, 3.0.5, 4.1.0, 4.1.1
53 error notarget This is most likely not a problem with npm itself.
53 error notarget In most cases you or one of your dependencies are requesting
53 error notarget a package version that doesn't exist.
53 error notarget
53 error notarget It was specified as a dependency of 'shiny-weapons'
54 verbose exit [ 1, true ]
